<?xml version="1.0" encoding="UTF-8"?>
<testsuite xmlns:xsi="http://www.w3.org/2001/XMLSchema-instance" xsi:noNamespaceSchemaLocation="https://maven.apache.org/surefire/maven-surefire-plugin/xsd/surefire-test-report.xsd" name="com.example.helloworld.db.PersonDAOTest" time="1.145" tests="3" errors="0" skipped="0" failures="0">
  <properties>
    <property name="awt.toolkit" value="sun.awt.X11.XToolkit"/>
    <property name="java.specification.version" value="11"/>
    <property name="sun.cpu.isalist" value=""/>
    <property name="sun.jnu.encoding" value="UTF-8"/>
    <property name="user.region" value="US"/>
    <property name="java.class.path" value="/opt/java/dropwizard/dropwizard-example/target/test-classes:/opt/java/dropwizard/dropwizard-example/target/classes:/home/mbodnar/.m2/repository/io/dropwizard/dropwizard-core/2.0.16/dropwizard-core-2.0.16.jar:/home/mbodnar/.m2/repository/io/dropwizard/dropwizard-util/2.0.16/dropwizard-util-2.0.16.jar:/home/mbodnar/.m2/repository/io/dropwizard/dropwizard-jackson/2.0.16/dropwizard-jackson-2.0.16.jar:/home/mbodnar/.m2/repository/com/fasterxml/jackson/core/jackson-core/2.10.5/jackson-core-2.10.5.jar:/home/mbodnar/.m2/repository/com/fasterxml/jackson/datatype/jackson-datatype-jsr310/2.10.5/jackson-datatype-jsr310-2.10.5.jar:/home/mbodnar/.m2/repository/com/fasterxml/jackson/datatype/jackson-datatype-jdk8/2.10.5/jackson-datatype-jdk8-2.10.5.jar:/home/mbodnar/.m2/repository/com/fasterxml/jackson/module/jackson-module-parameter-names/2.10.5/jackson-module-parameter-names-2.10.5.jar:/home/mbodnar/.m2/repository/com/fasterxml/jackson/module/jackson-module-afterburner/2.10.5/jackson-module-afterburner-2.10.5.jar:/home/mbodnar/.m2/repository/com/fasterxml/jackson/datatype/jackson-datatype-joda/2.10.5/jackson-datatype-joda-2.10.5.jar:/home/mbodnar/.m2/repository/io/dropwizard/dropwizard-validation/2.0.16/dropwizard-validation-2.0.16.jar:/home/mbodnar/.m2/repository/com/fasterxml/classmate/1.5.1/classmate-1.5.1.jar:/home/mbodnar/.m2/repository/org/glassfish/jakarta.el/3.0.3/jakarta.el-3.0.3.jar:/home/mbodnar/.m2/repository/io/dropwizard/dropwizard-configuration/2.0.16/dropwizard-configuration-2.0.16.jar:/home/mbodnar/.m2/repository/com/fasterxml/jackson/dataformat/jackson-dataformat-yaml/2.10.5/jackson-dataformat-yaml-2.10.5.jar:/home/mbodnar/.m2/repository/org/yaml/snakeyaml/1.26/snakeyaml-1.26.jar:/home/mbodnar/.m2/repository/org/apache/commons/commons-text/1.9/commons-text-1.9.jar:/home/mbodnar/.m2/repository/io/dropwizard/dropwizard-logging/2.0.16/dropwizard-logging-2.0.16.jar:/home/mbodnar/.m2/repository/io/dropwizard/metrics/metrics-logback/4.1.16/metrics-logback-4.1.16.jar:/home/mbodnar/.m2/repository/org/slf4j/jul-to-slf4j/1.7.30/jul-to-slf4j-1.7.30.jar:/home/mbodnar/.m2/repository/ch/qos/logback/logback-core/1.2.3/logback-core-1.2.3.jar:/home/mbodnar/.m2/repository/io/dropwizard/logback/logback-throttling-appender/1.1.0/logback-throttling-appender-1.1.0.jar:/home/mbodnar/.m2/repository/org/slf4j/log4j-over-slf4j/1.7.30/log4j-over-slf4j-1.7.30.jar:/home/mbodnar/.m2/repository/org/slf4j/jcl-over-slf4j/1.7.30/jcl-over-slf4j-1.7.30.jar:/home/mbodnar/.m2/repository/io/dropwizard/dropwizard-metrics/2.0.16/dropwizard-metrics-2.0.16.jar:/home/mbodnar/.m2/repository/io/dropwizard/dropwizard-jersey/2.0.16/dropwizard-jersey-2.0.16.jar:/home/mbodnar/.m2/repository/org/glassfish/jersey/ext/jersey-metainf-services/2.32/jersey-metainf-services-2.32.jar:/home/mbodnar/.m2/repository/org/glassfish/jersey/inject/jersey-hk2/2.32/jersey-hk2-2.32.jar:/home/mbodnar/.m2/repository/org/glassfish/hk2/hk2-locator/2.6.1/hk2-locator-2.6.1.jar:/home/mbodnar/.m2/repository/io/dropwizard/metrics/metrics-jersey2/4.1.16/metrics-jersey2-4.1.16.jar:/home/mbodnar/.m2/repository/org/glassfish/hk2/hk2-api/2.6.1/hk2-api-2.6.1.jar:/home/mbodnar/.m2/repository/org/glassfish/hk2/hk2-utils/2.6.1/hk2-utils-2.6.1.jar:/home/mbodnar/.m2/repository/org/glassfish/hk2/external/aopalliance-repackaged/2.6.1/aopalliance-repackaged-2.6.1.jar:/home/mbodnar/.m2/repository/org/glassfish/jersey/containers/jersey-container-servlet/2.32/jersey-container-servlet-2.32.jar:/home/mbodnar/.m2/repository/org/apache/commons/commons-lang3/3.11/commons-lang3-3.11.jar:/home/mbodnar/.m2/repository/io/dropwizard/dropwizard-servlets/2.0.16/dropwizard-servlets-2.0.16.jar:/home/mbodnar/.m2/repository/io/dropwizard/dropwizard-jetty/2.0.16/dropwizard-jetty-2.0.16.jar:/home/mbodnar/.m2/repository/org/eclipse/jetty/jetty-servlets/9.4.35.v20201120/jetty-servlets-9.4.35.v20201120.jar:/home/mbodnar/.m2/repository/org/eclipse/jetty/jetty-continuation/9.4.35.v20201120/jetty-continuation-9.4.35.v20201120.jar:/home/mbodnar/.m2/repository/io/dropwizard/dropwizard-lifecycle/2.0.16/dropwizard-lifecycle-2.0.16.jar:/home/mbodnar/.m2/repository/io/dropwizard/metrics/metrics-core/4.1.16/metrics-core-4.1.16.jar:/home/mbodnar/.m2/repository/io/dropwizard/metrics/metrics-jetty9/4.1.16/metrics-jetty9-4.1.16.jar:/home/mbodnar/.m2/repository/io/dropwizard/metrics/metrics-jvm/4.1.16/metrics-jvm-4.1.16.jar:/home/mbodnar/.m2/repository/io/dropwizard/metrics/metrics-jmx/4.1.16/metrics-jmx-4.1.16.jar:/home/mbodnar/.m2/repository/io/dropwizard/metrics/metrics-servlets/4.1.16/metrics-servlets-4.1.16.jar:/home/mbodnar/.m2/repository/io/dropwizard/metrics/metrics-json/4.1.16/metrics-json-4.1.16.jar:/home/mbodnar/.m2/repository/com/helger/profiler/1.1.1/profiler-1.1.1.jar:/home/mbodnar/.m2/repository/io/dropwizard/metrics/metrics-healthchecks/4.1.16/metrics-healthchecks-4.1.16.jar:/home/mbodnar/.m2/repository/io/dropwizard/dropwizard-request-logging/2.0.16/dropwizard-request-logging-2.0.16.jar:/home/mbodnar/.m2/repository/ch/qos/logback/logback-access/1.2.3/logback-access-1.2.3.jar:/home/mbodnar/.m2/repository/ch/qos/logback/logback-classic/1.2.3/logback-classic-1.2.3.jar:/home/mbodnar/.m2/repository/com/fasterxml/jackson/core/jackson-annotations/2.10.5/jackson-annotations-2.10.5.jar:/home/mbodnar/.m2/repository/com/fasterxml/jackson/core/jackson-databind/2.10.5/jackson-databind-2.10.5.jar:/home/mbodnar/.m2/repository/com/google/code/findbugs/jsr305/3.0.2/jsr305-3.0.2.jar:/home/mbodnar/.m2/repository/jakarta/servlet/jakarta.servlet-api/4.0.4/jakarta.servlet-api-4.0.4.jar:/home/mbodnar/.m2/repository/jakarta/validation/jakarta.validation-api/2.0.2/jakarta.validation-api-2.0.2.jar:/home/mbodnar/.m2/repository/jakarta/ws/rs/jakarta.ws.rs-api/2.1.6/jakarta.ws.rs-api-2.1.6.jar:/home/mbodnar/.m2/repository/net/sourceforge/argparse4j/argparse4j/0.8.1/argparse4j-0.8.1.jar:/home/mbodnar/.m2/repository/org/eclipse/jetty/jetty-security/9.4.35.v20201120/jetty-security-9.4.35.v20201120.jar:/home/mbodnar/.m2/repository/org/eclipse/jetty/jetty-server/9.4.35.v20201120/jetty-server-9.4.35.v20201120.jar:/home/mbodnar/.m2/repository/org/eclipse/jetty/jetty-servlet/9.4.35.v20201120/jetty-servlet-9.4.35.v20201120.jar:/home/mbodnar/.m2/repository/org/eclipse/jetty/jetty-util-ajax/9.4.35.v20201120/jetty-util-ajax-9.4.35.v20201120.jar:/home/mbodnar/.m2/repository/org/eclipse/jetty/jetty-util/9.4.35.v20201120/jetty-util-9.4.35.v20201120.jar:/home/mbodnar/.m2/repository/org/eclipse/jetty/toolchain/setuid/jetty-setuid-java/1.0.4/jetty-setuid-java-1.0.4.jar:/home/mbodnar/.m2/repository/org/glassfish/hk2/external/jakarta.inject/2.6.1/jakarta.inject-2.6.1.jar:/home/mbodnar/.m2/repository/org/glassfish/jersey/core/jersey-common/2.32/jersey-common-2.32.jar:/home/mbodnar/.m2/repository/org/glassfish/hk2/osgi-resource-locator/1.0.3/osgi-resource-locator-1.0.3.jar:/home/mbodnar/.m2/repository/com/sun/activation/jakarta.activation/1.2.2/jakarta.activation-1.2.2.jar:/home/mbodnar/.m2/repository/org/glassfish/jersey/ext/jersey-bean-validation/2.32/jersey-bean-validation-2.32.jar:/home/mbodnar/.m2/repository/org/hibernate/validator/hibernate-validator/6.1.6.Final/hibernate-validator-6.1.6.Final.jar:/home/mbodnar/.m2/repository/org/jboss/logging/jboss-logging/3.3.2.Final/jboss-logging-3.3.2.Final.jar:/home/mbodnar/.m2/repository/org/slf4j/slf4j-api/1.7.30/slf4j-api-1.7.30.jar:/home/mbodnar/.m2/repository/io/dropwizard/dropwizard-auth/2.0.16/dropwizard-auth-2.0.16.jar:/home/mbodnar/.m2/repository/io/dropwizard/metrics/metrics-caffeine/4.1.16/metrics-caffeine-4.1.16.jar:/home/mbodnar/.m2/repository/com/github/ben-manes/caffeine/caffeine/2.8.6/caffeine-2.8.6.jar:/home/mbodnar/.m2/repository/org/checkerframework/checker-qual/3.7.1/checker-qual-3.7.1.jar:/home/mbodnar/.m2/repository/com/google/errorprone/error_prone_annotations/2.4.0/error_prone_annotations-2.4.0.jar:/home/mbodnar/.m2/repository/com/google/guava/guava/30.0-jre/guava-30.0-jre.jar:/home/mbodnar/.m2/repository/com/google/guava/failureaccess/1.0.1/failureaccess-1.0.1.jar:/home/mbodnar/.m2/repository/com/google/guava/listenablefuture/9999.0-empty-to-avoid-conflict-with-guava/listenablefuture-9999.0-empty-to-avoid-conflict-with-guava.jar:/home/mbodnar/.m2/repository/com/google/j2objc/j2objc-annotations/1.3/j2objc-annotations-1.3.jar:/home/mbodnar/.m2/repository/jakarta/annotation/jakarta.annotation-api/1.3.5/jakarta.annotation-api-1.3.5.jar:/home/mbodnar/.m2/repository/org/glassfish/jersey/containers/jersey-container-servlet-core/2.32/jersey-container-servlet-core-2.32.jar:/home/mbodnar/.m2/repository/org/glassfish/jersey/core/jersey-server/2.32/jersey-server-2.32.jar:/home/mbodnar/.m2/repository/org/glassfish/jersey/media/jersey-media-jaxb/2.32/jersey-media-jaxb-2.32.jar:/home/mbodnar/.m2/repository/io/dropwizard/dropwizard-assets/2.0.16/dropwizard-assets-2.0.16.jar:/home/mbodnar/.m2/repository/io/dropwizard/dropwizard-http2/2.0.16/dropwizard-http2-2.0.16.jar:/home/mbodnar/.m2/repository/org/eclipse/jetty/jetty-alpn-server/9.4.35.v20201120/jetty-alpn-server-9.4.35.v20201120.jar:/home/mbodnar/.m2/repository/org/eclipse/jetty/jetty-http/9.4.35.v20201120/jetty-http-9.4.35.v20201120.jar:/home/mbodnar/.m2/repository/org/eclipse/jetty/http2/http2-server/9.4.35.v20201120/http2-server-9.4.35.v20201120.jar:/home/mbodnar/.m2/repository/org/eclipse/jetty/http2/http2-common/9.4.35.v20201120/http2-common-9.4.35.v20201120.jar:/home/mbodnar/.m2/repository/org/eclipse/jetty/http2/http2-hpack/9.4.35.v20201120/http2-hpack-9.4.35.v20201120.jar:/home/mbodnar/.m2/repository/org/glassfish/jersey/core/jersey-client/2.32/jersey-client-2.32.jar:/home/mbodnar/.m2/repository/org/eclipse/jetty/jetty-alpn-java-server/9.4.35.v20201120/jetty-alpn-java-server-9.4.35.v20201120.jar:/home/mbodnar/.m2/repository/org/eclipse/jetty/jetty-alpn-java-client/9.4.35.v20201120/jetty-alpn-java-client-9.4.35.v20201120.jar:/home/mbodnar/.m2/repository/org/eclipse/jetty/jetty-alpn-client/9.4.35.v20201120/jetty-alpn-client-9.4.35.v20201120.jar:/home/mbodnar/.m2/repository/io/dropwizard/dropwizard-hibernate/2.0.16/dropwizard-hibernate-2.0.16.jar:/home/mbodnar/.m2/repository/io/dropwizard/dropwizard-db/2.0.16/dropwizard-db-2.0.16.jar:/home/mbodnar/.m2/repository/com/fasterxml/jackson/datatype/jackson-datatype-hibernate5/2.10.5/jackson-datatype-hibernate5-2.10.5.jar:/home/mbodnar/.m2/repository/javax/transaction/javax.transaction-api/1.3/javax.transaction-api-1.3.jar:/home/mbodnar/.m2/repository/javax/persistence/javax.persistence-api/2.2/javax.persistence-api-2.2.jar:/home/mbodnar/.m2/repository/joda-time/joda-time/2.10.8/joda-time-2.10.8.jar:/home/mbodnar/.m2/repository/org/apache/tomcat/tomcat-jdbc/9.0.40/tomcat-jdbc-9.0.40.jar:/home/mbodnar/.m2/repository/org/apache/tomcat/tomcat-juli/9.0.40/tomcat-juli-9.0.40.jar:/home/mbodnar/.m2/repository/org/javassist/javassist/3.27.0-GA/javassist-3.27.0-GA.jar:/home/mbodnar/.m2/repository/org/jadira/usertype/usertype.core/7.0.0.CR1/usertype.core-7.0.0.CR1.jar:/home/mbodnar/.m2/repository/org/jadira/usertype/usertype.spi/7.0.0.CR1/usertype.spi-7.0.0.CR1.jar:/home/mbodnar/.m2/repository/org/hibernate/hibernate-core/5.4.24.Final/hibernate-core-5.4.24.Final.jar:/home/mbodnar/.m2/repository/antlr/antlr/2.7.7/antlr-2.7.7.jar:/home/mbodnar/.m2/repository/org/jboss/spec/javax/transaction/jboss-transaction-api_1.2_spec/1.1.1.Final/jboss-transaction-api_1.2_spec-1.1.1.Final.jar:/home/mbodnar/.m2/repository/org/jboss/jandex/2.1.3.Final/jandex-2.1.3.Final.jar:/home/mbodnar/.m2/repository/org/dom4j/dom4j/2.1.3/dom4j-2.1.3.jar:/home/mbodnar/.m2/repository/org/hibernate/common/hibernate-commons-annotations/5.1.2.Final/hibernate-commons-annotations-5.1.2.Final.jar:/home/mbodnar/.m2/repository/org/glassfish/jaxb/jaxb-runtime/2.3.1/jaxb-runtime-2.3.1.jar:/home/mbodnar/.m2/repository/org/glassfish/jaxb/txw2/2.3.1/txw2-2.3.1.jar:/home/mbodnar/.m2/repository/com/sun/istack/istack-commons-runtime/3.0.7/istack-commons-runtime-3.0.7.jar:/home/mbodnar/.m2/repository/org/jvnet/staxex/stax-ex/1.8/stax-ex-1.8.jar:/home/mbodnar/.m2/repository/com/sun/xml/fastinfoset/FastInfoset/1.2.15/FastInfoset-1.2.15.jar:/home/mbodnar/.m2/repository/jakarta/activation/jakarta.activation-api/1.2.2/jakarta.activation-api-1.2.2.jar:/home/mbodnar/.m2/repository/jakarta/xml/bind/jakarta.xml.bind-api/2.3.3/jakarta.xml.bind-api-2.3.3.jar:/home/mbodnar/.m2/repository/io/dropwizard/dropwizard-migrations/2.0.16/dropwizard-migrations-2.0.16.jar:/home/mbodnar/.m2/repository/org/liquibase/liquibase-core/3.10.2/liquibase-core-3.10.2.jar:/home/mbodnar/.m2/repository/com/mattbertolini/liquibase-slf4j/2.0.0/liquibase-slf4j-2.0.0.jar:/home/mbodnar/.m2/repository/io/dropwizard/dropwizard-views-freemarker/2.0.16/dropwizard-views-freemarker-2.0.16.jar:/home/mbodnar/.m2/repository/io/dropwizard/dropwizard-views/2.0.16/dropwizard-views-2.0.16.jar:/home/mbodnar/.m2/repository/org/freemarker/freemarker/2.3.30/freemarker-2.3.30.jar:/home/mbodnar/.m2/repository/io/dropwizard/dropwizard-views-mustache/2.0.16/dropwizard-views-mustache-2.0.16.jar:/home/mbodnar/.m2/repository/com/github/spullara/mustache/java/compiler/0.9.7/compiler-0.9.7.jar:/home/mbodnar/.m2/repository/io/dropwizard/dropwizard-metrics-graphite/2.0.16/dropwizard-metrics-graphite-2.0.16.jar:/home/mbodnar/.m2/repository/io/dropwizard/metrics/metrics-graphite/4.1.16/metrics-graphite-4.1.16.jar:/home/mbodnar/.m2/repository/com/rabbitmq/amqp-client/5.10.0/amqp-client-5.10.0.jar:/home/mbodnar/.m2/repository/com/h2database/h2/1.4.200/h2-1.4.200.jar:/home/mbodnar/.m2/repository/io/dropwizard/dropwizard-testing/2.0.16/dropwizard-testing-2.0.16.jar:/home/mbodnar/.m2/repository/io/dropwizard/metrics/metrics-annotation/4.1.16/metrics-annotation-4.1.16.jar:/home/mbodnar/.m2/repository/com/fasterxml/jackson/datatype/jackson-datatype-guava/2.10.5/jackson-datatype-guava-2.10.5.jar:/home/mbodnar/.m2/repository/com/fasterxml/jackson/jaxrs/jackson-jaxrs-json-provider/2.10.5/jackson-jaxrs-json-provider-2.10.5.jar:/home/mbodnar/.m2/repository/com/fasterxml/jackson/jaxrs/jackson-jaxrs-base/2.10.5/jackson-jaxrs-base-2.10.5.jar:/home/mbodnar/.m2/repository/com/fasterxml/jackson/module/jackson-module-jaxb-annotations/2.10.5/jackson-module-jaxb-annotations-2.10.5.jar:/home/mbodnar/.m2/repository/org/eclipse/jetty/jetty-io/9.4.35.v20201120/jetty-io-9.4.35.v20201120.jar:/home/mbodnar/.m2/repository/org/glassfish/jersey/test-framework/jersey-test-framework-core/2.32/jersey-test-framework-core-2.32.jar:/home/mbodnar/.m2/repository/org/junit/jupiter/junit-jupiter/5.7.0/junit-jupiter-5.7.0.jar:/home/mbodnar/.m2/repository/org/junit/jupiter/junit-jupiter-api/5.7.0/junit-jupiter-api-5.7.0.jar:/home/mbodnar/.m2/repository/org/apiguardian/apiguardian-api/1.1.0/apiguardian-api-1.1.0.jar:/home/mbodnar/.m2/repository/org/opentest4j/opentest4j/1.2.0/opentest4j-1.2.0.jar:/home/mbodnar/.m2/repository/org/junit/platform/junit-platform-commons/1.7.0/junit-platform-commons-1.7.0.jar:/home/mbodnar/.m2/repository/org/junit/jupiter/junit-jupiter-params/5.7.0/junit-jupiter-params-5.7.0.jar:/home/mbodnar/.m2/repository/org/junit/jupiter/junit-jupiter-engine/5.7.0/junit-jupiter-engine-5.7.0.jar:/home/mbodnar/.m2/repository/org/junit/platform/junit-platform-engine/1.7.0/junit-platform-engine-1.7.0.jar:/home/mbodnar/.m2/repository/org/testcontainers/junit-jupiter/1.15.0/junit-jupiter-1.15.0.jar:/home/mbodnar/.m2/repository/org/testcontainers/testcontainers/1.15.0/testcontainers-1.15.0.jar:/home/mbodnar/.m2/repository/junit/junit/4.13.1/junit-4.13.1.jar:/home/mbodnar/.m2/repository/org/hamcrest/hamcrest-core/1.3/hamcrest-core-1.3.jar:/home/mbodnar/.m2/repository/org/apache/commons/commons-compress/1.20/commons-compress-1.20.jar:/home/mbodnar/.m2/repository/org/rnorth/duct-tape/duct-tape/1.0.8/duct-tape-1.0.8.jar:/home/mbodnar/.m2/repository/org/rnorth/visible-assertions/visible-assertions/2.1.2/visible-assertions-2.1.2.jar:/home/mbodnar/.m2/repository/net/java/dev/jna/jna/5.6.0/jna-5.6.0.jar:/home/mbodnar/.m2/repository/com/github/docker-java/docker-java-api/3.2.5/docker-java-api-3.2.5.jar:/home/mbodnar/.m2/repository/com/github/docker-java/docker-java-transport-zerodep/3.2.5/docker-java-transport-zerodep-3.2.5.jar:/home/mbodnar/.m2/repository/com/github/docker-java/docker-java-transport/3.2.5/docker-java-transport-3.2.5.jar:/home/mbodnar/.m2/repository/org/testcontainers/mysql/1.15.0/mysql-1.15.0.jar:/home/mbodnar/.m2/repository/org/testcontainers/jdbc/1.15.0/jdbc-1.15.0.jar:/home/mbodnar/.m2/repository/org/testcontainers/database-commons/1.15.0/database-commons-1.15.0.jar:/home/mbodnar/.m2/repository/mysql/mysql-connector-java/8.0.22/mysql-connector-java-8.0.22.jar:/home/mbodnar/.m2/repository/com/google/protobuf/protobuf-java/3.11.4/protobuf-java-3.11.4.jar:/home/mbodnar/.m2/repository/org/mockito/mockito-core/3.6.28/mockito-core-3.6.28.jar:/home/mbodnar/.m2/repository/net/bytebuddy/byte-buddy/1.10.18/byte-buddy-1.10.18.jar:/home/mbodnar/.m2/repository/net/bytebuddy/byte-buddy-agent/1.10.18/byte-buddy-agent-1.10.18.jar:/home/mbodnar/.m2/repository/org/objenesis/objenesis/3.1/objenesis-3.1.jar:/home/mbodnar/.m2/repository/org/assertj/assertj-core/3.18.1/assertj-core-3.18.1.jar:/home/mbodnar/.m2/repository/org/glassfish/jersey/test-framework/providers/jersey-test-framework-provider-inmemory/2.32/jersey-test-framework-provider-inmemory-2.32.jar:/home/mbodnar/.m2/repository/org/glassfish/jersey/test-framework/providers/jersey-test-framework-provider-grizzly2/2.32/jersey-test-framework-provider-grizzly2-2.32.jar:/home/mbodnar/.m2/repository/org/glassfish/jersey/containers/jersey-container-grizzly2-http/2.32/jersey-container-grizzly2-http-2.32.jar:/home/mbodnar/.m2/repository/org/glassfish/grizzly/grizzly-http-server/2.4.4/grizzly-http-server-2.4.4.jar:/home/mbodnar/.m2/repository/org/glassfish/grizzly/grizzly-http/2.4.4/grizzly-http-2.4.4.jar:/home/mbodnar/.m2/repository/org/glassfish/grizzly/grizzly-framework/2.4.4/grizzly-framework-2.4.4.jar:/home/mbodnar/.m2/repository/org/glassfish/jersey/containers/jersey-container-grizzly2-servlet/2.32/jersey-container-grizzly2-servlet-2.32.jar:/home/mbodnar/.m2/repository/org/glassfish/grizzly/grizzly-http-servlet/2.4.4/grizzly-http-servlet-2.4.4.jar:"/>
    <property name="java.vm.vendor" value="Red Hat, Inc."/>
    <property name="sun.arch.data.model" value="64"/>
    <property name="java.vendor.url" value="https://www.redhat.com/"/>
    <property name="user.timezone" value="UTC"/>
    <property name="java.vm.specification.version" value="11"/>
    <property name="os.name" value="Linux"/>
    <property name="sun.java.launcher" value="SUN_STANDARD"/>
    <property name="user.country" value="US"/>
    <property name="sun.boot.library.path" value="/usr/lib/jvm/java-11-openjdk-11.0.9.11-0.el7_9.x86_64/lib"/>
    <property name="sun.java.command" value="/opt/java/dropwizard/dropwizard-example/target/surefire/surefirebooter13968703552462627564.jar /opt/java/dropwizard/dropwizard-example/target/surefire 2020-12-05T23-21-45_668-jvmRun1 surefire2836784485312590800tmp surefire_01266727423965168705tmp"/>
    <property name="jdk.debug" value="release"/>
    <property name="surefire.test.class.path" value="/opt/java/dropwizard/dropwizard-example/target/test-classes:/opt/java/dropwizard/dropwizard-example/target/classes:/home/mbodnar/.m2/repository/io/dropwizard/dropwizard-core/2.0.16/dropwizard-core-2.0.16.jar:/home/mbodnar/.m2/repository/io/dropwizard/dropwizard-util/2.0.16/dropwizard-util-2.0.16.jar:/home/mbodnar/.m2/repository/io/dropwizard/dropwizard-jackson/2.0.16/dropwizard-jackson-2.0.16.jar:/home/mbodnar/.m2/repository/com/fasterxml/jackson/core/jackson-core/2.10.5/jackson-core-2.10.5.jar:/home/mbodnar/.m2/repository/com/fasterxml/jackson/datatype/jackson-datatype-jsr310/2.10.5/jackson-datatype-jsr310-2.10.5.jar:/home/mbodnar/.m2/repository/com/fasterxml/jackson/datatype/jackson-datatype-jdk8/2.10.5/jackson-datatype-jdk8-2.10.5.jar:/home/mbodnar/.m2/repository/com/fasterxml/jackson/module/jackson-module-parameter-names/2.10.5/jackson-module-parameter-names-2.10.5.jar:/home/mbodnar/.m2/repository/com/fasterxml/jackson/module/jackson-module-afterburner/2.10.5/jackson-module-afterburner-2.10.5.jar:/home/mbodnar/.m2/repository/com/fasterxml/jackson/datatype/jackson-datatype-joda/2.10.5/jackson-datatype-joda-2.10.5.jar:/home/mbodnar/.m2/repository/io/dropwizard/dropwizard-validation/2.0.16/dropwizard-validation-2.0.16.jar:/home/mbodnar/.m2/repository/com/fasterxml/classmate/1.5.1/classmate-1.5.1.jar:/home/mbodnar/.m2/repository/org/glassfish/jakarta.el/3.0.3/jakarta.el-3.0.3.jar:/home/mbodnar/.m2/repository/io/dropwizard/dropwizard-configuration/2.0.16/dropwizard-configuration-2.0.16.jar:/home/mbodnar/.m2/repository/com/fasterxml/jackson/dataformat/jackson-dataformat-yaml/2.10.5/jackson-dataformat-yaml-2.10.5.jar:/home/mbodnar/.m2/repository/org/yaml/snakeyaml/1.26/snakeyaml-1.26.jar:/home/mbodnar/.m2/repository/org/apache/commons/commons-text/1.9/commons-text-1.9.jar:/home/mbodnar/.m2/repository/io/dropwizard/dropwizard-logging/2.0.16/dropwizard-logging-2.0.16.jar:/home/mbodnar/.m2/repository/io/dropwizard/metrics/metrics-logback/4.1.16/metrics-logback-4.1.16.jar:/home/mbodnar/.m2/repository/org/slf4j/jul-to-slf4j/1.7.30/jul-to-slf4j-1.7.30.jar:/home/mbodnar/.m2/repository/ch/qos/logback/logback-core/1.2.3/logback-core-1.2.3.jar:/home/mbodnar/.m2/repository/io/dropwizard/logback/logback-throttling-appender/1.1.0/logback-throttling-appender-1.1.0.jar:/home/mbodnar/.m2/repository/org/slf4j/log4j-over-slf4j/1.7.30/log4j-over-slf4j-1.7.30.jar:/home/mbodnar/.m2/repository/org/slf4j/jcl-over-slf4j/1.7.30/jcl-over-slf4j-1.7.30.jar:/home/mbodnar/.m2/repository/io/dropwizard/dropwizard-metrics/2.0.16/dropwizard-metrics-2.0.16.jar:/home/mbodnar/.m2/repository/io/dropwizard/dropwizard-jersey/2.0.16/dropwizard-jersey-2.0.16.jar:/home/mbodnar/.m2/repository/org/glassfish/jersey/ext/jersey-metainf-services/2.32/jersey-metainf-services-2.32.jar:/home/mbodnar/.m2/repository/org/glassfish/jersey/inject/jersey-hk2/2.32/jersey-hk2-2.32.jar:/home/mbodnar/.m2/repository/org/glassfish/hk2/hk2-locator/2.6.1/hk2-locator-2.6.1.jar:/home/mbodnar/.m2/repository/io/dropwizard/metrics/metrics-jersey2/4.1.16/metrics-jersey2-4.1.16.jar:/home/mbodnar/.m2/repository/org/glassfish/hk2/hk2-api/2.6.1/hk2-api-2.6.1.jar:/home/mbodnar/.m2/repository/org/glassfish/hk2/hk2-utils/2.6.1/hk2-utils-2.6.1.jar:/home/mbodnar/.m2/repository/org/glassfish/hk2/external/aopalliance-repackaged/2.6.1/aopalliance-repackaged-2.6.1.jar:/home/mbodnar/.m2/repository/org/glassfish/jersey/containers/jersey-container-servlet/2.32/jersey-container-servlet-2.32.jar:/home/mbodnar/.m2/repository/org/apache/commons/commons-lang3/3.11/commons-lang3-3.11.jar:/home/mbodnar/.m2/repository/io/dropwizard/dropwizard-servlets/2.0.16/dropwizard-servlets-2.0.16.jar:/home/mbodnar/.m2/repository/io/dropwizard/dropwizard-jetty/2.0.16/dropwizard-jetty-2.0.16.jar:/home/mbodnar/.m2/repository/org/eclipse/jetty/jetty-servlets/9.4.35.v20201120/jetty-servlets-9.4.35.v20201120.jar:/home/mbodnar/.m2/repository/org/eclipse/jetty/jetty-continuation/9.4.35.v20201120/jetty-continuation-9.4.35.v20201120.jar:/home/mbodnar/.m2/repository/io/dropwizard/dropwizard-lifecycle/2.0.16/dropwizard-lifecycle-2.0.16.jar:/home/mbodnar/.m2/repository/io/dropwizard/metrics/metrics-core/4.1.16/metrics-core-4.1.16.jar:/home/mbodnar/.m2/repository/io/dropwizard/metrics/metrics-jetty9/4.1.16/metrics-jetty9-4.1.16.jar:/home/mbodnar/.m2/repository/io/dropwizard/metrics/metrics-jvm/4.1.16/metrics-jvm-4.1.16.jar:/home/mbodnar/.m2/repository/io/dropwizard/metrics/metrics-jmx/4.1.16/metrics-jmx-4.1.16.jar:/home/mbodnar/.m2/repository/io/dropwizard/metrics/metrics-servlets/4.1.16/metrics-servlets-4.1.16.jar:/home/mbodnar/.m2/repository/io/dropwizard/metrics/metrics-json/4.1.16/metrics-json-4.1.16.jar:/home/mbodnar/.m2/repository/com/helger/profiler/1.1.1/profiler-1.1.1.jar:/home/mbodnar/.m2/repository/io/dropwizard/metrics/metrics-healthchecks/4.1.16/metrics-healthchecks-4.1.16.jar:/home/mbodnar/.m2/repository/io/dropwizard/dropwizard-request-logging/2.0.16/dropwizard-request-logging-2.0.16.jar:/home/mbodnar/.m2/repository/ch/qos/logback/logback-access/1.2.3/logback-access-1.2.3.jar:/home/mbodnar/.m2/repository/ch/qos/logback/logback-classic/1.2.3/logback-classic-1.2.3.jar:/home/mbodnar/.m2/repository/com/fasterxml/jackson/core/jackson-annotations/2.10.5/jackson-annotations-2.10.5.jar:/home/mbodnar/.m2/repository/com/fasterxml/jackson/core/jackson-databind/2.10.5/jackson-databind-2.10.5.jar:/home/mbodnar/.m2/repository/com/google/code/findbugs/jsr305/3.0.2/jsr305-3.0.2.jar:/home/mbodnar/.m2/repository/jakarta/servlet/jakarta.servlet-api/4.0.4/jakarta.servlet-api-4.0.4.jar:/home/mbodnar/.m2/repository/jakarta/validation/jakarta.validation-api/2.0.2/jakarta.validation-api-2.0.2.jar:/home/mbodnar/.m2/repository/jakarta/ws/rs/jakarta.ws.rs-api/2.1.6/jakarta.ws.rs-api-2.1.6.jar:/home/mbodnar/.m2/repository/net/sourceforge/argparse4j/argparse4j/0.8.1/argparse4j-0.8.1.jar:/home/mbodnar/.m2/repository/org/eclipse/jetty/jetty-security/9.4.35.v20201120/jetty-security-9.4.35.v20201120.jar:/home/mbodnar/.m2/repository/org/eclipse/jetty/jetty-server/9.4.35.v20201120/jetty-server-9.4.35.v20201120.jar:/home/mbodnar/.m2/repository/org/eclipse/jetty/jetty-servlet/9.4.35.v20201120/jetty-servlet-9.4.35.v20201120.jar:/home/mbodnar/.m2/repository/org/eclipse/jetty/jetty-util-ajax/9.4.35.v20201120/jetty-util-ajax-9.4.35.v20201120.jar:/home/mbodnar/.m2/repository/org/eclipse/jetty/jetty-util/9.4.35.v20201120/jetty-util-9.4.35.v20201120.jar:/home/mbodnar/.m2/repository/org/eclipse/jetty/toolchain/setuid/jetty-setuid-java/1.0.4/jetty-setuid-java-1.0.4.jar:/home/mbodnar/.m2/repository/org/glassfish/hk2/external/jakarta.inject/2.6.1/jakarta.inject-2.6.1.jar:/home/mbodnar/.m2/repository/org/glassfish/jersey/core/jersey-common/2.32/jersey-common-2.32.jar:/home/mbodnar/.m2/repository/org/glassfish/hk2/osgi-resource-locator/1.0.3/osgi-resource-locator-1.0.3.jar:/home/mbodnar/.m2/repository/com/sun/activation/jakarta.activation/1.2.2/jakarta.activation-1.2.2.jar:/home/mbodnar/.m2/repository/org/glassfish/jersey/ext/jersey-bean-validation/2.32/jersey-bean-validation-2.32.jar:/home/mbodnar/.m2/repository/org/hibernate/validator/hibernate-validator/6.1.6.Final/hibernate-validator-6.1.6.Final.jar:/home/mbodnar/.m2/repository/org/jboss/logging/jboss-logging/3.3.2.Final/jboss-logging-3.3.2.Final.jar:/home/mbodnar/.m2/repository/org/slf4j/slf4j-api/1.7.30/slf4j-api-1.7.30.jar:/home/mbodnar/.m2/repository/io/dropwizard/dropwizard-auth/2.0.16/dropwizard-auth-2.0.16.jar:/home/mbodnar/.m2/repository/io/dropwizard/metrics/metrics-caffeine/4.1.16/metrics-caffeine-4.1.16.jar:/home/mbodnar/.m2/repository/com/github/ben-manes/caffeine/caffeine/2.8.6/caffeine-2.8.6.jar:/home/mbodnar/.m2/repository/org/checkerframework/checker-qual/3.7.1/checker-qual-3.7.1.jar:/home/mbodnar/.m2/repository/com/google/errorprone/error_prone_annotations/2.4.0/error_prone_annotations-2.4.0.jar:/home/mbodnar/.m2/repository/com/google/guava/guava/30.0-jre/guava-30.0-jre.jar:/home/mbodnar/.m2/repository/com/google/guava/failureaccess/1.0.1/failureaccess-1.0.1.jar:/home/mbodnar/.m2/repository/com/google/guava/listenablefuture/9999.0-empty-to-avoid-conflict-with-guava/listenablefuture-9999.0-empty-to-avoid-conflict-with-guava.jar:/home/mbodnar/.m2/repository/com/google/j2objc/j2objc-annotations/1.3/j2objc-annotations-1.3.jar:/home/mbodnar/.m2/repository/jakarta/annotation/jakarta.annotation-api/1.3.5/jakarta.annotation-api-1.3.5.jar:/home/mbodnar/.m2/repository/org/glassfish/jersey/containers/jersey-container-servlet-core/2.32/jersey-container-servlet-core-2.32.jar:/home/mbodnar/.m2/repository/org/glassfish/jersey/core/jersey-server/2.32/jersey-server-2.32.jar:/home/mbodnar/.m2/repository/org/glassfish/jersey/media/jersey-media-jaxb/2.32/jersey-media-jaxb-2.32.jar:/home/mbodnar/.m2/repository/io/dropwizard/dropwizard-assets/2.0.16/dropwizard-assets-2.0.16.jar:/home/mbodnar/.m2/repository/io/dropwizard/dropwizard-http2/2.0.16/dropwizard-http2-2.0.16.jar:/home/mbodnar/.m2/repository/org/eclipse/jetty/jetty-alpn-server/9.4.35.v20201120/jetty-alpn-server-9.4.35.v20201120.jar:/home/mbodnar/.m2/repository/org/eclipse/jetty/jetty-http/9.4.35.v20201120/jetty-http-9.4.35.v20201120.jar:/home/mbodnar/.m2/repository/org/eclipse/jetty/http2/http2-server/9.4.35.v20201120/http2-server-9.4.35.v20201120.jar:/home/mbodnar/.m2/repository/org/eclipse/jetty/http2/http2-common/9.4.35.v20201120/http2-common-9.4.35.v20201120.jar:/home/mbodnar/.m2/repository/org/eclipse/jetty/http2/http2-hpack/9.4.35.v20201120/http2-hpack-9.4.35.v20201120.jar:/home/mbodnar/.m2/repository/org/glassfish/jersey/core/jersey-client/2.32/jersey-client-2.32.jar:/home/mbodnar/.m2/repository/org/eclipse/jetty/jetty-alpn-java-server/9.4.35.v20201120/jetty-alpn-java-server-9.4.35.v20201120.jar:/home/mbodnar/.m2/repository/org/eclipse/jetty/jetty-alpn-java-client/9.4.35.v20201120/jetty-alpn-java-client-9.4.35.v20201120.jar:/home/mbodnar/.m2/repository/org/eclipse/jetty/jetty-alpn-client/9.4.35.v20201120/jetty-alpn-client-9.4.35.v20201120.jar:/home/mbodnar/.m2/repository/io/dropwizard/dropwizard-hibernate/2.0.16/dropwizard-hibernate-2.0.16.jar:/home/mbodnar/.m2/repository/io/dropwizard/dropwizard-db/2.0.16/dropwizard-db-2.0.16.jar:/home/mbodnar/.m2/repository/com/fasterxml/jackson/datatype/jackson-datatype-hibernate5/2.10.5/jackson-datatype-hibernate5-2.10.5.jar:/home/mbodnar/.m2/repository/javax/transaction/javax.transaction-api/1.3/javax.transaction-api-1.3.jar:/home/mbodnar/.m2/repository/javax/persistence/javax.persistence-api/2.2/javax.persistence-api-2.2.jar:/home/mbodnar/.m2/repository/joda-time/joda-time/2.10.8/joda-time-2.10.8.jar:/home/mbodnar/.m2/repository/org/apache/tomcat/tomcat-jdbc/9.0.40/tomcat-jdbc-9.0.40.jar:/home/mbodnar/.m2/repository/org/apache/tomcat/tomcat-juli/9.0.40/tomcat-juli-9.0.40.jar:/home/mbodnar/.m2/repository/org/javassist/javassist/3.27.0-GA/javassist-3.27.0-GA.jar:/home/mbodnar/.m2/repository/org/jadira/usertype/usertype.core/7.0.0.CR1/usertype.core-7.0.0.CR1.jar:/home/mbodnar/.m2/repository/org/jadira/usertype/usertype.spi/7.0.0.CR1/usertype.spi-7.0.0.CR1.jar:/home/mbodnar/.m2/repository/org/hibernate/hibernate-core/5.4.24.Final/hibernate-core-5.4.24.Final.jar:/home/mbodnar/.m2/repository/antlr/antlr/2.7.7/antlr-2.7.7.jar:/home/mbodnar/.m2/repository/org/jboss/spec/javax/transaction/jboss-transaction-api_1.2_spec/1.1.1.Final/jboss-transaction-api_1.2_spec-1.1.1.Final.jar:/home/mbodnar/.m2/repository/org/jboss/jandex/2.1.3.Final/jandex-2.1.3.Final.jar:/home/mbodnar/.m2/repository/org/dom4j/dom4j/2.1.3/dom4j-2.1.3.jar:/home/mbodnar/.m2/repository/org/hibernate/common/hibernate-commons-annotations/5.1.2.Final/hibernate-commons-annotations-5.1.2.Final.jar:/home/mbodnar/.m2/repository/org/glassfish/jaxb/jaxb-runtime/2.3.1/jaxb-runtime-2.3.1.jar:/home/mbodnar/.m2/repository/org/glassfish/jaxb/txw2/2.3.1/txw2-2.3.1.jar:/home/mbodnar/.m2/repository/com/sun/istack/istack-commons-runtime/3.0.7/istack-commons-runtime-3.0.7.jar:/home/mbodnar/.m2/repository/org/jvnet/staxex/stax-ex/1.8/stax-ex-1.8.jar:/home/mbodnar/.m2/repository/com/sun/xml/fastinfoset/FastInfoset/1.2.15/FastInfoset-1.2.15.jar:/home/mbodnar/.m2/repository/jakarta/activation/jakarta.activation-api/1.2.2/jakarta.activation-api-1.2.2.jar:/home/mbodnar/.m2/repository/jakarta/xml/bind/jakarta.xml.bind-api/2.3.3/jakarta.xml.bind-api-2.3.3.jar:/home/mbodnar/.m2/repository/io/dropwizard/dropwizard-migrations/2.0.16/dropwizard-migrations-2.0.16.jar:/home/mbodnar/.m2/repository/org/liquibase/liquibase-core/3.10.2/liquibase-core-3.10.2.jar:/home/mbodnar/.m2/repository/com/mattbertolini/liquibase-slf4j/2.0.0/liquibase-slf4j-2.0.0.jar:/home/mbodnar/.m2/repository/io/dropwizard/dropwizard-views-freemarker/2.0.16/dropwizard-views-freemarker-2.0.16.jar:/home/mbodnar/.m2/repository/io/dropwizard/dropwizard-views/2.0.16/dropwizard-views-2.0.16.jar:/home/mbodnar/.m2/repository/org/freemarker/freemarker/2.3.30/freemarker-2.3.30.jar:/home/mbodnar/.m2/repository/io/dropwizard/dropwizard-views-mustache/2.0.16/dropwizard-views-mustache-2.0.16.jar:/home/mbodnar/.m2/repository/com/github/spullara/mustache/java/compiler/0.9.7/compiler-0.9.7.jar:/home/mbodnar/.m2/repository/io/dropwizard/dropwizard-metrics-graphite/2.0.16/dropwizard-metrics-graphite-2.0.16.jar:/home/mbodnar/.m2/repository/io/dropwizard/metrics/metrics-graphite/4.1.16/metrics-graphite-4.1.16.jar:/home/mbodnar/.m2/repository/com/rabbitmq/amqp-client/5.10.0/amqp-client-5.10.0.jar:/home/mbodnar/.m2/repository/com/h2database/h2/1.4.200/h2-1.4.200.jar:/home/mbodnar/.m2/repository/io/dropwizard/dropwizard-testing/2.0.16/dropwizard-testing-2.0.16.jar:/home/mbodnar/.m2/repository/io/dropwizard/metrics/metrics-annotation/4.1.16/metrics-annotation-4.1.16.jar:/home/mbodnar/.m2/repository/com/fasterxml/jackson/datatype/jackson-datatype-guava/2.10.5/jackson-datatype-guava-2.10.5.jar:/home/mbodnar/.m2/repository/com/fasterxml/jackson/jaxrs/jackson-jaxrs-json-provider/2.10.5/jackson-jaxrs-json-provider-2.10.5.jar:/home/mbodnar/.m2/repository/com/fasterxml/jackson/jaxrs/jackson-jaxrs-base/2.10.5/jackson-jaxrs-base-2.10.5.jar:/home/mbodnar/.m2/repository/com/fasterxml/jackson/module/jackson-module-jaxb-annotations/2.10.5/jackson-module-jaxb-annotations-2.10.5.jar:/home/mbodnar/.m2/repository/org/eclipse/jetty/jetty-io/9.4.35.v20201120/jetty-io-9.4.35.v20201120.jar:/home/mbodnar/.m2/repository/org/glassfish/jersey/test-framework/jersey-test-framework-core/2.32/jersey-test-framework-core-2.32.jar:/home/mbodnar/.m2/repository/org/junit/jupiter/junit-jupiter/5.7.0/junit-jupiter-5.7.0.jar:/home/mbodnar/.m2/repository/org/junit/jupiter/junit-jupiter-api/5.7.0/junit-jupiter-api-5.7.0.jar:/home/mbodnar/.m2/repository/org/apiguardian/apiguardian-api/1.1.0/apiguardian-api-1.1.0.jar:/home/mbodnar/.m2/repository/org/opentest4j/opentest4j/1.2.0/opentest4j-1.2.0.jar:/home/mbodnar/.m2/repository/org/junit/platform/junit-platform-commons/1.7.0/junit-platform-commons-1.7.0.jar:/home/mbodnar/.m2/repository/org/junit/jupiter/junit-jupiter-params/5.7.0/junit-jupiter-params-5.7.0.jar:/home/mbodnar/.m2/repository/org/junit/jupiter/junit-jupiter-engine/5.7.0/junit-jupiter-engine-5.7.0.jar:/home/mbodnar/.m2/repository/org/junit/platform/junit-platform-engine/1.7.0/junit-platform-engine-1.7.0.jar:/home/mbodnar/.m2/repository/org/testcontainers/junit-jupiter/1.15.0/junit-jupiter-1.15.0.jar:/home/mbodnar/.m2/repository/org/testcontainers/testcontainers/1.15.0/testcontainers-1.15.0.jar:/home/mbodnar/.m2/repository/junit/junit/4.13.1/junit-4.13.1.jar:/home/mbodnar/.m2/repository/org/hamcrest/hamcrest-core/1.3/hamcrest-core-1.3.jar:/home/mbodnar/.m2/repository/org/apache/commons/commons-compress/1.20/commons-compress-1.20.jar:/home/mbodnar/.m2/repository/org/rnorth/duct-tape/duct-tape/1.0.8/duct-tape-1.0.8.jar:/home/mbodnar/.m2/repository/org/rnorth/visible-assertions/visible-assertions/2.1.2/visible-assertions-2.1.2.jar:/home/mbodnar/.m2/repository/net/java/dev/jna/jna/5.6.0/jna-5.6.0.jar:/home/mbodnar/.m2/repository/com/github/docker-java/docker-java-api/3.2.5/docker-java-api-3.2.5.jar:/home/mbodnar/.m2/repository/com/github/docker-java/docker-java-transport-zerodep/3.2.5/docker-java-transport-zerodep-3.2.5.jar:/home/mbodnar/.m2/repository/com/github/docker-java/docker-java-transport/3.2.5/docker-java-transport-3.2.5.jar:/home/mbodnar/.m2/repository/org/testcontainers/mysql/1.15.0/mysql-1.15.0.jar:/home/mbodnar/.m2/repository/org/testcontainers/jdbc/1.15.0/jdbc-1.15.0.jar:/home/mbodnar/.m2/repository/org/testcontainers/database-commons/1.15.0/database-commons-1.15.0.jar:/home/mbodnar/.m2/repository/mysql/mysql-connector-java/8.0.22/mysql-connector-java-8.0.22.jar:/home/mbodnar/.m2/repository/com/google/protobuf/protobuf-java/3.11.4/protobuf-java-3.11.4.jar:/home/mbodnar/.m2/repository/org/mockito/mockito-core/3.6.28/mockito-core-3.6.28.jar:/home/mbodnar/.m2/repository/net/bytebuddy/byte-buddy/1.10.18/byte-buddy-1.10.18.jar:/home/mbodnar/.m2/repository/net/bytebuddy/byte-buddy-agent/1.10.18/byte-buddy-agent-1.10.18.jar:/home/mbodnar/.m2/repository/org/objenesis/objenesis/3.1/objenesis-3.1.jar:/home/mbodnar/.m2/repository/org/assertj/assertj-core/3.18.1/assertj-core-3.18.1.jar:/home/mbodnar/.m2/repository/org/glassfish/jersey/test-framework/providers/jersey-test-framework-provider-inmemory/2.32/jersey-test-framework-provider-inmemory-2.32.jar:/home/mbodnar/.m2/repository/org/glassfish/jersey/test-framework/providers/jersey-test-framework-provider-grizzly2/2.32/jersey-test-framework-provider-grizzly2-2.32.jar:/home/mbodnar/.m2/repository/org/glassfish/jersey/containers/jersey-container-grizzly2-http/2.32/jersey-container-grizzly2-http-2.32.jar:/home/mbodnar/.m2/repository/org/glassfish/grizzly/grizzly-http-server/2.4.4/grizzly-http-server-2.4.4.jar:/home/mbodnar/.m2/repository/org/glassfish/grizzly/grizzly-http/2.4.4/grizzly-http-2.4.4.jar:/home/mbodnar/.m2/repository/org/glassfish/grizzly/grizzly-framework/2.4.4/grizzly-framework-2.4.4.jar:/home/mbodnar/.m2/repository/org/glassfish/jersey/containers/jersey-container-grizzly2-servlet/2.32/jersey-container-grizzly2-servlet-2.32.jar:/home/mbodnar/.m2/repository/org/glassfish/grizzly/grizzly-http-servlet/2.4.4/grizzly-http-servlet-2.4.4.jar:"/>
    <property name="sun.cpu.endian" value="little"/>
    <property name="user.home" value="/home/mbodnar"/>
    <property name="user.language" value="en"/>
    <property name="java.specification.vendor" value="Oracle Corporation"/>
    <property name="java.version.date" value="2020-10-20"/>
    <property name="java.home" value="/usr/lib/jvm/java-11-openjdk-11.0.9.11-0.el7_9.x86_64"/>
    <property name="file.separator" value="/"/>
    <property name="basedir" value="/opt/java/dropwizard/dropwizard-example"/>
    <property name="java.vm.compressedOopsMode" value="Zero based"/>
    <property name="line.separator" value="&#10;"/>
    <property name="java.specification.name" value="Java Platform API Specification"/>
    <property name="java.vm.specification.vendor" value="Oracle Corporation"/>
    <property name="java.awt.graphicsenv" value="sun.awt.X11GraphicsEnvironment"/>
    <property name="surefire.real.class.path" value="/opt/java/dropwizard/dropwizard-example/target/surefire/surefirebooter13968703552462627564.jar"/>
    <property name="sun.management.compiler" value="HotSpot 64-Bit Tiered Compilers"/>
    <property name="java.runtime.version" value="11.0.9+11-LTS"/>
    <property name="user.name" value="mbodnar"/>
    <property name="path.separator" value=":"/>
    <property name="os.version" value="3.10.0-957.12.2.el7.x86_64"/>
    <property name="java.runtime.name" value="OpenJDK Runtime Environment"/>
    <property name="file.encoding" value="UTF-8"/>
    <property name="java.vm.name" value="OpenJDK 64-Bit Server VM"/>
    <property name="java.vendor.version" value="18.9"/>
    <property name="localRepository" value="/home/mbodnar/.m2/repository"/>
    <property name="java.vendor.url.bug" value="https://bugzilla.redhat.com/enter_bug.cgi?product=Red%20Hat%20Enterprise%20Linux%207&amp;component=java-11-openjdk"/>
    <property name="java.io.tmpdir" value="/tmp"/>
    <property name="java.version" value="11.0.9"/>
    <property name="user.dir" value="/opt/java/dropwizard/dropwizard-example"/>
    <property name="os.arch" value="amd64"/>
    <property name="java.vm.specification.name" value="Java Virtual Machine Specification"/>
    <property name="java.awt.printerjob" value="sun.print.PSPrinterJob"/>
    <property name="sun.os.patch.level" value="unknown"/>
    <property name="java.library.path" value="/usr/java/packages/lib:/usr/lib64:/lib64:/lib:/usr/lib"/>
    <property name="java.vm.info" value="mixed mode, sharing"/>
    <property name="java.vendor" value="Red Hat, Inc."/>
    <property name="java.vm.version" value="11.0.9+11-LTS"/>
    <property name="sun.io.unicode.encoding" value="UnicodeLittle"/>
    <property name="java.class.version" value="55.0"/>
  </properties>
  <testcase name="findAll" classname="com.example.helloworld.db.PersonDAOTest" time="0.17"/>
  <testcase name="handlesNullFullName" classname="com.example.helloworld.db.PersonDAOTest" time="0.073"/>
  <testcase name="createPerson" classname="com.example.helloworld.db.PersonDAOTest" time="0.068"/>
</testsuite>